  [1m[35m (394.7ms)[0m  [1m[35mCREATE DATABASE "rubyPractice_development" ENCODING = 'unicode'[0m
  ↳ bin/rake:9
  [1m[35m (293.6ms)[0m  [1m[35mCREATE DATABASE "rubyPractice_test" ENCODING = 'unicode'[0m
  ↳ bin/rake:9
  [1m[35m (17.0ms)[0m  [1m[35mCREATE TABLE "schema_migrations" ("version" character varying NOT NULL PRIMARY KEY)[0m
  ↳ bin/rake:9
  [1m[35m (44.7ms)[0m  [1m[35mCREATE TABLE "ar_internal_metadata" ("key" character varying NOT NULL PRIMARY KEY, "value" character varying, "created_at" timestamp NOT NULL, "updated_at" timestamp NOT NULL)[0m
  ↳ bin/rake:9
  [1m[35m (0.6ms)[0m  [1m[34mSELECT pg_try_advisory_lock(4096859873870128470)[0m
  ↳ bin/rake:9
  [1m[35m (0.6ms)[0m  [1m[34mSELECT "schema_migrations"."version" FROM "schema_migrations" ORDER BY "schema_migrations"."version" ASC[0m
  ↳ bin/rake:9
Migrating to CreateLists (20190729183223)
  [1m[35m (0.2ms)[0m  [1m[35mBEGIN[0m
  ↳ bin/rake:9
  [1m[35m (32.0ms)[0m  [1m[35mCREATE TABLE "lists" ("id" bigserial primary key, "Title" character varying, "Excerpt" text, "Description" text, "Upvotes" integer, "created_at" timestamp NOT NULL, "updated_at" timestamp NOT NULL)[0m
  ↳ db/migrate/20190729183223_create_lists.rb:3
  [1m[36mActiveRecord::SchemaMigration Create (2.2ms)[0m  [1m[32mINSERT INTO "schema_migrations" ("version") VALUES ($1) RETURNING "version"[0m  [["version", "20190729183223"]]
  ↳ bin/rake:9
  [1m[35m (0.5ms)[0m  [1m[35mCOMMIT[0m
  ↳ bin/rake:9
Migrating to CreateItems (20190729183523)
  [1m[35m (40.2ms)[0m  [1m[35mBEGIN[0m
  ↳ bin/rake:9
  [1m[35m (7.1ms)[0m  [1m[35mCREATE TABLE "items" ("id" bigserial primary key, "type" integer, "name" character varying, "excerpt" text, "description" text, "url" character varying, "upvotes" integer, "created_at" timestamp NOT NULL, "updated_at" timestamp NOT NULL)[0m
  ↳ db/migrate/20190729183523_create_items.rb:3
  [1m[36mActiveRecord::SchemaMigration Create (0.6ms)[0m  [1m[32mINSERT INTO "schema_migrations" ("version") VALUES ($1) RETURNING "version"[0m  [["version", "20190729183523"]]
  ↳ bin/rake:9
  [1m[35m (39.7ms)[0m  [1m[35mCOMMIT[0m
  ↳ bin/rake:9
Migrating to CreateListItems (20190729183632)
  [1m[35m (39.9ms)[0m  [1m[35mBEGIN[0m
  ↳ bin/rake:9
  [1m[35m (8.0ms)[0m  [1m[35mCREATE TABLE "list_items" ("id" bigserial primary key, "list_id" bigint, "item_id" bigint, "description" text, "position" integer, "created_at" timestamp NOT NULL, "updated_at" timestamp NOT NULL, CONSTRAINT "fk_rails_12b8df7bb8"
FOREIGN KEY ("list_id")
  REFERENCES "lists" ("id")
, CONSTRAINT "fk_rails_6912172214"
FOREIGN KEY ("item_id")
  REFERENCES "items" ("id")
)[0m
  ↳ db/migrate/20190729183632_create_list_items.rb:3
  [1m[35m (1.3ms)[0m  [1m[35mCREATE  INDEX  "index_list_items_on_list_id" ON "list_items"  ("list_id")[0m
  ↳ db/migrate/20190729183632_create_list_items.rb:3
  [1m[35m (1.1ms)[0m  [1m[35mCREATE  INDEX  "index_list_items_on_item_id" ON "list_items"  ("item_id")[0m
  ↳ db/migrate/20190729183632_create_list_items.rb:3
  [1m[36mActiveRecord::SchemaMigration Create (0.4ms)[0m  [1m[32mINSERT INTO "schema_migrations" ("version") VALUES ($1) RETURNING "version"[0m  [["version", "20190729183632"]]
  ↳ bin/rake:9
  [1m[35m (0.7ms)[0m  [1m[35mCOMMIT[0m
  ↳ bin/rake:9
  [1m[36mActiveRecord::InternalMetadata Load (0.4ms)[0m  [1m[34mSELECT  "ar_internal_metadata".* FROM "ar_internal_metadata" WHERE "ar_internal_metadata"."key" = $1 LIMIT $2[0m  [["key", "environment"], ["LIMIT", 1]]
  ↳ bin/rake:9
  [1m[35m (0.2ms)[0m  [1m[35mBEGIN[0m
  ↳ bin/rake:9
  [1m[36mActiveRecord::InternalMetadata Create (32.2ms)[0m  [1m[32mINSERT INTO "ar_internal_metadata" ("key", "value", "created_at", "updated_at") VALUES ($1, $2, $3, $4) RETURNING "key"[0m  [["key", "environment"], ["value", "development"], ["created_at", "2019-07-29 18:38:16.378564"], ["updated_at", "2019-07-29 18:38:16.378564"]]
  ↳ bin/rake:9
  [1m[35m (0.4ms)[0m  [1m[35mCOMMIT[0m
  ↳ bin/rake:9
  [1m[35m (0.2ms)[0m  [1m[34mSELECT pg_advisory_unlock(4096859873870128470)[0m
  ↳ bin/rake:9
  [1m[35m (0.6ms)[0m  [1m[34mSELECT "schema_migrations"."version" FROM "schema_migrations" ORDER BY "schema_migrations"."version" ASC[0m
  ↳ bin/rake:9
Started GET "/" for ::1 at 2019-07-29 12:46:51 -0600
  [1m[35m (300.6ms)[0m  [1m[34mSELECT "schema_migrations"."version" FROM "schema_migrations" ORDER BY "schema_migrations"."version" ASC[0m
  ↳ /Users/chasestory/.rvm/gems/ruby-2.4.0/gems/activerecord-5.2.3/lib/active_record/log_subscriber.rb:98
Processing by Rails::WelcomeController#index as HTML
  Rendering /Users/chasestory/.rvm/gems/ruby-2.4.0/gems/railties-5.2.3/lib/rails/templates/rails/welcome/index.html.erb
  Rendered /Users/chasestory/.rvm/gems/ruby-2.4.0/gems/railties-5.2.3/lib/rails/templates/rails/welcome/index.html.erb (204.0ms)
Completed 200 OK in 1521ms (Views: 1214.0ms | ActiveRecord: 0.0ms)


Started GET "/favicon.ico" for ::1 at 2019-07-29 12:46:57 -0600
  
ActionController::RoutingError (No route matches [GET] "/favicon.ico"):
  
actionpack (5.2.3) lib/action_dispatch/middleware/debug_exceptions.rb:65:in `call'
actionpack (5.2.3) lib/action_dispatch/middleware/show_exceptions.rb:33:in `call'
railties (5.2.3) lib/rails/rack/logger.rb:38:in `call_app'
railties (5.2.3) lib/rails/rack/logger.rb:26:in `block in call'
activesupport (5.2.3) lib/active_support/tagged_logging.rb:71:in `block in tagged'
activesupport (5.2.3) lib/active_support/tagged_logging.rb:28:in `tagged'
activesupport (5.2.3) lib/active_support/tagged_logging.rb:71:in `tagged'
railties (5.2.3) lib/rails/rack/logger.rb:26:in `call'
actionpack (5.2.3) lib/action_dispatch/middleware/remote_ip.rb:81:in `call'
actionpack (5.2.3) lib/action_dispatch/middleware/request_id.rb:27:in `call'
rack (2.0.7) lib/rack/runtime.rb:22:in `call'
activesupport (5.2.3) lib/active_support/cache/strategy/local_cache_middleware.rb:29:in `call'
actionpack (5.2.3) lib/action_dispatch/middleware/executor.rb:14:in `call'
actionpack (5.2.3) lib/action_dispatch/middleware/static.rb:127:in `call'
rack (2.0.7) lib/rack/sendfile.rb:111:in `call'
railties (5.2.3) lib/rails/engine.rb:524:in `call'
puma (3.12.1) lib/puma/configuration.rb:227:in `call'
puma (3.12.1) lib/puma/server.rb:660:in `handle_request'
puma (3.12.1) lib/puma/server.rb:474:in `process_client'
puma (3.12.1) lib/puma/server.rb:334:in `block in run'
puma (3.12.1) lib/puma/thread_pool.rb:135:in `block in spawn_thread'
Started GET "/api/v1/lists" for ::1 at 2019-07-29 12:47:07 -0600
Processing by Api::V1::ListsController#index as HTML
  [1m[36mList Load (201.1ms)[0m  [1m[34mSELECT "lists".* FROM "lists"[0m
  ↳ app/controllers/api/v1/lists_controller.rb:9
Completed 200 OK in 1522ms (Views: 409.1ms | ActiveRecord: 503.1ms)


  [1m[35m (1.1ms)[0m  [1m[34mSELECT "schema_migrations"."version" FROM "schema_migrations" ORDER BY "schema_migrations"."version" ASC[0m
  ↳ bin/rails:9
  [1m[35m (0.2ms)[0m  [1m[34mSELECT pg_try_advisory_lock(4096859873870128470)[0m
  ↳ bin/rails:9
  [1m[35m (0.7ms)[0m  [1m[34mSELECT "schema_migrations"."version" FROM "schema_migrations" ORDER BY "schema_migrations"."version" ASC[0m
  ↳ bin/rails:9
  [1m[36mActiveRecord::InternalMetadata Load (40.0ms)[0m  [1m[34mSELECT  "ar_internal_metadata".* FROM "ar_internal_metadata" WHERE "ar_internal_metadata"."key" = $1 LIMIT $2[0m  [["key", "environment"], ["LIMIT", 1]]
  ↳ bin/rails:9
  [1m[35m (0.1ms)[0m  [1m[35mBEGIN[0m
  ↳ bin/rails:9
  [1m[35m (0.1ms)[0m  [1m[35mCOMMIT[0m
  ↳ bin/rails:9
  [1m[35m (0.2ms)[0m  [1m[34mSELECT pg_advisory_unlock(4096859873870128470)[0m
  ↳ bin/rails:9
  [1m[35m (0.2ms)[0m  [1m[34mSELECT "schema_migrations"."version" FROM "schema_migrations" ORDER BY "schema_migrations"."version" ASC[0m
  ↳ bin/rails:9
  [1m[35m (0.7ms)[0m  [1m[34mSELECT "schema_migrations"."version" FROM "schema_migrations" ORDER BY "schema_migrations"."version" ASC[0m
  ↳ bin/rails:9
  [1m[35m (0.1ms)[0m  [1m[35mBEGIN[0m
  ↳ db/seeds.rb:1
  [1m[36mList Create (41.4ms)[0m  [1m[32mINSERT INTO "lists" ("Title", "Excerpt", "created_at", "updated_at") VALUES ($1, $2, $3, $4) RETURNING "id"[0m  [["Title", "West Sweden Road Trip"], ["Excerpt", "A cool ass road trip for the books"], ["created_at", "2019-07-29 18:48:29.649415"], ["updated_at", "2019-07-29 18:48:29.649415"]]
  ↳ db/seeds.rb:1
  [1m[35m (1.6ms)[0m  [1m[35mCOMMIT[0m
  ↳ db/seeds.rb:1
  [1m[35m (0.2ms)[0m  [1m[35mBEGIN[0m
  ↳ db/seeds.rb:3
  [1m[36mList Create (0.4ms)[0m  [1m[32mINSERT INTO "lists" ("Title", "Excerpt", "created_at", "updated_at") VALUES ($1, $2, $3, $4) RETURNING "id"[0m  [["Title", "Must have equipment for the outdoor camper"], ["Excerpt", "My selection is definitelty a flash light, and tent"], ["created_at", "2019-07-29 18:48:29.694621"], ["updated_at", "2019-07-29 18:48:29.694621"]]
  ↳ db/seeds.rb:3
  [1m[35m (0.4ms)[0m  [1m[35mCOMMIT[0m
  ↳ db/seeds.rb:3
Started GET "/api/v1/lists" for ::1 at 2019-07-29 12:48:39 -0600
  [1m[35m (0.7ms)[0m  [1m[34mSELECT "schema_migrations"."version" FROM "schema_migrations" ORDER BY "schema_migrations"."version" ASC[0m
  ↳ /Users/chasestory/.rvm/gems/ruby-2.4.0/gems/activerecord-5.2.3/lib/active_record/log_subscriber.rb:98
Processing by Api::V1::ListsController#index as HTML
  [1m[36mList Load (0.7ms)[0m  [1m[34mSELECT "lists".* FROM "lists"[0m
  ↳ app/controllers/api/v1/lists_controller.rb:9
Completed 200 OK in 25ms (Views: 10.7ms | ActiveRecord: 6.3ms)


Started GET "/api/v1/lists" for ::1 at 2019-07-29 13:07:04 -0600
Processing by Api::V1::ListsController#index as HTML
  [1m[36mList Load (102.0ms)[0m  [1m[34mSELECT "lists".* FROM "lists"[0m
  ↳ app/controllers/api/v1/lists_controller.rb:9
Completed 200 OK in 104ms (Views: 2.1ms | ActiveRecord: 102.0ms)


Started GET "/api/v1/lists" for ::1 at 2019-07-29 13:07:55 -0600
Processing by Api::V1::ListsController#index as HTML
  [1m[36mList Load (91.7ms)[0m  [1m[34mSELECT "lists".* FROM "lists"[0m
  ↳ app/controllers/api/v1/lists_controller.rb:9
Completed 200 OK in 94ms (Views: 1.9ms | ActiveRecord: 91.7ms)


Started GET "/api/v1/lists" for ::1 at 2019-07-29 13:13:29 -0600
Processing by Api::V1::ListsController#index as HTML
  [1m[36mList Load (99.7ms)[0m  [1m[34mSELECT "lists".* FROM "lists"[0m
  ↳ app/controllers/api/v1/lists_controller.rb:9
Completed 200 OK in 403ms (Views: 303.4ms | ActiveRecord: 99.7ms)


Started GET "/api/v1/lists" for ::1 at 2019-07-29 13:14:39 -0600
Processing by Api::V1::ListsController#index as HTML
  [1m[36mList Load (0.6ms)[0m  [1m[34mSELECT "lists".* FROM "lists"[0m
  ↳ app/controllers/api/v1/lists_controller.rb:9
Completed 200 OK in 3ms (Views: 1.9ms | ActiveRecord: 0.6ms)


Started GET "/api/v1/lists" for ::1 at 2019-07-29 13:15:38 -0600
Processing by Api::V1::ListsController#index as HTML
  [1m[36mList Load (200.1ms)[0m  [1m[34mSELECT "lists".* FROM "lists"[0m
  ↳ app/controllers/api/v1/lists_controller.rb:9
Completed 200 OK in 202ms (Views: 1.4ms | ActiveRecord: 200.1ms)


Started GET "/api/v1/lists" for ::1 at 2019-07-29 13:20:45 -0600
  [1m[35m (20.8ms)[0m  [1m[34mSELECT "schema_migrations"."version" FROM "schema_migrations" ORDER BY "schema_migrations"."version" ASC[0m
  ↳ /Users/chasestory/.rvm/gems/ruby-2.4.0/gems/activerecord-5.2.3/lib/active_record/log_subscriber.rb:98
Processing by Api::V1::ListsController#index as HTML
  [1m[36mList Load (0.7ms)[0m  [1m[34mSELECT "lists".* FROM "lists"[0m
  ↳ app/controllers/api/v1/lists_controller.rb:9
Completed 200 OK in 23ms (Views: 8.1ms | ActiveRecord: 8.1ms)


Started GET "/api/v1/lists" for ::1 at 2019-07-29 13:23:28 -0600
Processing by Api::V1::ListsController#index as HTML
  [1m[36mList Load (0.5ms)[0m  [1m[34mSELECT "lists".* FROM "lists"[0m
  ↳ app/controllers/api/v1/lists_controller.rb:9
Completed 200 OK in 3ms (Views: 1.8ms | ActiveRecord: 0.5ms)


Started GET "/api/v1/lists" for ::1 at 2019-07-29 13:25:47 -0600
Processing by Api::V1::ListsController#index as HTML
  [1m[36mList Load (0.4ms)[0m  [1m[34mSELECT "lists".* FROM "lists"[0m
  ↳ app/controllers/api/v1/lists_controller.rb:9
Completed 200 OK in 2ms (Views: 1.5ms | ActiveRecord: 0.4ms)


Started GET "/api/v1/lists" for ::1 at 2019-07-29 13:26:06 -0600
Processing by Api::V1::ListsController#index as HTML
  [1m[36mList Load (2.4ms)[0m  [1m[34mSELECT "lists".* FROM "lists"[0m
  ↳ app/controllers/api/v1/lists_controller.rb:9
Completed 200 OK in 4ms (Views: 1.7ms | ActiveRecord: 2.4ms)


Started GET "/api/v1/lists" for ::1 at 2019-07-29 13:26:31 -0600
Processing by Api::V1::ListsController#index as HTML
  [1m[36mList Load (0.6ms)[0m  [1m[34mSELECT "lists".* FROM "lists"[0m
  ↳ app/controllers/api/v1/lists_controller.rb:9
Completed 200 OK in 2ms (Views: 1.4ms | ActiveRecord: 0.6ms)


Started GET "/api/v1/lists" for ::1 at 2019-07-29 13:28:38 -0600
Processing by Api::V1::ListsController#index as HTML
  [1m[36mList Load (0.7ms)[0m  [1m[34mSELECT "lists".* FROM "lists"[0m
  ↳ app/controllers/api/v1/lists_controller.rb:9
Completed 200 OK in 3ms (Views: 2.1ms | ActiveRecord: 0.7ms)


Started GET "/api/v1/lists" for ::1 at 2019-07-29 13:29:02 -0600
Processing by Api::V1::ListsController#index as HTML
  [1m[36mList Load (1.7ms)[0m  [1m[34mSELECT "lists".* FROM "lists"[0m
  ↳ app/controllers/api/v1/lists_controller.rb:9
Completed 200 OK in 3ms (Views: 1.5ms | ActiveRecord: 1.7ms)


Started GET "/api/v1/lists" for ::1 at 2019-07-29 13:29:19 -0600
Processing by Api::V1::ListsController#index as HTML
  [1m[36mList Load (1.4ms)[0m  [1m[34mSELECT "lists".* FROM "lists"[0m
  ↳ app/controllers/api/v1/lists_controller.rb:9
Completed 200 OK in 3ms (Views: 1.7ms | ActiveRecord: 1.4ms)


Started GET "/api/v1/lists" for ::1 at 2019-07-29 13:30:24 -0600
Processing by Api::V1::ListsController#index as HTML
  [1m[36mList Load (1.9ms)[0m  [1m[34mSELECT "lists".* FROM "lists"[0m
  ↳ app/controllers/api/v1/lists_controller.rb:9
Completed 200 OK in 4ms (Views: 1.5ms | ActiveRecord: 1.9ms)


Started GET "/api/v1/lists" for ::1 at 2019-07-29 13:30:47 -0600
Processing by Api::V1::ListsController#index as HTML
  [1m[36mList Load (0.6ms)[0m  [1m[34mSELECT "lists".* FROM "lists"[0m
  ↳ app/controllers/api/v1/lists_controller.rb:9
Completed 200 OK in 3ms (Views: 2.1ms | ActiveRecord: 0.6ms)


Started GET "/api/v1/lists" for ::1 at 2019-07-29 13:31:02 -0600
Processing by Api::V1::ListsController#index as HTML
  [1m[36mList Load (10.5ms)[0m  [1m[34mSELECT "lists".* FROM "lists"[0m
  ↳ app/controllers/api/v1/lists_controller.rb:9
Completed 200 OK in 12ms (Views: 1.6ms | ActiveRecord: 10.5ms)


Started GET "/api/v1/lists" for ::1 at 2019-07-29 13:31:08 -0600
Processing by Api::V1::ListsController#index as HTML
  [1m[36mList Load (1.4ms)[0m  [1m[34mSELECT "lists".* FROM "lists"[0m
  ↳ app/controllers/api/v1/lists_controller.rb:9
Completed 200 OK in 3ms (Views: 1.0ms | ActiveRecord: 1.4ms)


Started GET "/api/v1/lists" for ::1 at 2019-07-29 13:31:30 -0600
Processing by Api::V1::ListsController#index as HTML
  [1m[36mList Load (5.7ms)[0m  [1m[34mSELECT "lists".* FROM "lists"[0m
  ↳ app/controllers/api/v1/lists_controller.rb:9
Completed 200 OK in 8ms (Views: 1.5ms | ActiveRecord: 5.7ms)


Started GET "/api/v1/lists" for ::1 at 2019-07-29 13:32:11 -0600
Processing by Api::V1::ListsController#index as HTML
  [1m[36mList Load (6.4ms)[0m  [1m[34mSELECT "lists".* FROM "lists"[0m
  ↳ app/controllers/api/v1/lists_controller.rb:9
Completed 200 OK in 9ms (Views: 1.8ms | ActiveRecord: 6.4ms)


Started GET "/api/v1/lists" for ::1 at 2019-07-29 13:32:23 -0600
Processing by Api::V1::ListsController#index as HTML
  [1m[36mList Load (4.9ms)[0m  [1m[34mSELECT "lists".* FROM "lists"[0m
  ↳ app/controllers/api/v1/lists_controller.rb:9
Completed 200 OK in 7ms (Views: 1.6ms | ActiveRecord: 4.9ms)


Started GET "/api/v1/lists" for ::1 at 2019-07-29 13:34:26 -0600
Processing by Api::V1::ListsController#index as HTML
  [1m[36mList Load (2.6ms)[0m  [1m[34mSELECT "lists".* FROM "lists"[0m
  ↳ app/controllers/api/v1/lists_controller.rb:9
Completed 200 OK in 4ms (Views: 1.3ms | ActiveRecord: 2.6ms)


Started GET "/api/v1/lists" for ::1 at 2019-07-29 13:34:38 -0600
Processing by Api::V1::ListsController#index as HTML
  [1m[36mList Load (14.0ms)[0m  [1m[34mSELECT "lists".* FROM "lists"[0m
  ↳ app/controllers/api/v1/lists_controller.rb:9
Completed 200 OK in 16ms (Views: 1.5ms | ActiveRecord: 14.0ms)


